<?xml version="1.0" encoding="UTF-8"?>
<!-- Generated by org.testng.reporters.JUnitReportReporter -->
<testsuite hostname="LAPTOP-JDJE2D7Q" failures="0" tests="20" name="com.test.bank.UserLoginTest" time="38.852" errors="0" timestamp="13 Sep 2018 09:29:00 GMT" skipped="0">
  <testcase classname="com.test.bank.UserLoginTest" name="userLoginTestCases" time="3.221"/>
  <testcase classname="com.test.bank.UserLoginTest" name="userLoginTestCases" time="2.639"/>
  <testcase classname="com.test.bank.UserLoginTest" name="userLoginTestCases" time="3.172"/>
  <testcase classname="com.test.bank.UserLoginTest" name="userLoginTestCases" time="2.513"/>
  <testcase classname="com.test.bank.UserLoginTest" name="checkIDDisplay" time="0.607"/>
  <testcase classname="com.test.bank.UserLoginTest" name="addNewCustomer" time="4.486"/>
  <testcase classname="com.test.bank.UserLoginTest" name="miniStatement" time="1.637"/>
  <testcase classname="com.test.bank.UserLoginTest" name="editCustomer" time="1.441"/>
  <testcase classname="com.test.bank.UserLoginTest" name="depositMoney" time="1.672"/>
  <testcase classname="com.test.bank.UserLoginTest" name="depositMoney" time="1.404"/>
  <testcase classname="com.test.bank.UserLoginTest" name="depositMoney" time="1.483"/>
  <testcase classname="com.test.bank.UserLoginTest" name="withdrawMoney" time="1.499"/>
  <testcase classname="com.test.bank.UserLoginTest" name="withdrawMoney" time="1.424"/>
  <testcase classname="com.test.bank.UserLoginTest" name="withdrawMoney" time="1.642"/>
  <testcase classname="com.test.bank.UserLoginTest" name="fundTransfer" time="2.422"/>
  <testcase classname="com.test.bank.UserLoginTest" name="fundTransfer" time="2.141"/>
  <testcase classname="com.test.bank.UserLoginTest" name="fundTransfer" time="1.943"/>
  <testcase classname="com.test.bank.UserLoginTest" name="balanceEnquiry" time="1.043"/>
  <testcase classname="com.test.bank.UserLoginTest" name="balanceEnquiry" time="1.436"/>
  <testcase classname="com.test.bank.UserLoginTest" name="balanceEnquiry" time="1.027"/>
</testsuite> <!-- com.test.bank.UserLoginTest -->
