<?xml version="1.0" encoding="UTF-8"?>
<!-- Generated by org.testng.reporters.JUnitReportReporter -->
<testsuite hostname="LAPTOP-JDJE2D7Q" failures="0" tests="20" name="com.test.bank.UserLogin" time="52.154" errors="0" timestamp="25 Jul 2018 22:31:19 GMT" skipped="0">
  <testcase classname="com.test.bank.UserLogin" name="userLoginTestCases" time="2.512"/>
  <testcase classname="com.test.bank.UserLogin" name="userLoginTestCases" time="3.100"/>
  <testcase classname="com.test.bank.UserLogin" name="userLoginTestCases" time="2.549"/>
  <testcase classname="com.test.bank.UserLogin" name="userLoginTestCases" time="3.141"/>
  <testcase classname="com.test.bank.UserLogin" name="checkIDDisplay" time="0.703"/>
  <testcase classname="com.test.bank.UserLogin" name="addNewCustomer" time="5.716"/>
  <testcase classname="com.test.bank.UserLogin" name="miniStatement" time="3.617"/>
  <testcase classname="com.test.bank.UserLogin" name="editCustomer" time="2.533"/>
  <testcase classname="com.test.bank.UserLogin" name="depositMoney" time="3.787"/>
  <testcase classname="com.test.bank.UserLogin" name="depositMoney" time="1.335"/>
  <testcase classname="com.test.bank.UserLogin" name="depositMoney" time="1.655"/>
  <testcase classname="com.test.bank.UserLogin" name="withdrawMoney" time="3.726"/>
  <testcase classname="com.test.bank.UserLogin" name="withdrawMoney" time="1.792"/>
  <testcase classname="com.test.bank.UserLogin" name="withdrawMoney" time="1.457"/>
  <testcase classname="com.test.bank.UserLogin" name="fundTransfer" time="1.749"/>
  <testcase classname="com.test.bank.UserLogin" name="fundTransfer" time="3.409"/>
  <testcase classname="com.test.bank.UserLogin" name="fundTransfer" time="2.769"/>
  <testcase classname="com.test.bank.UserLogin" name="balanceEnquiry" time="1.039"/>
  <testcase classname="com.test.bank.UserLogin" name="balanceEnquiry" time="3.639"/>
  <testcase classname="com.test.bank.UserLogin" name="balanceEnquiry" time="1.926"/>
</testsuite> <!-- com.test.bank.UserLogin -->
