<?xml version="1.0" encoding="UTF-8"?>
<!-- Generated by org.testng.reporters.JUnitReportReporter -->
<testsuite hostname="LAPTOP-JDJE2D7Q" failures="0" tests="4" name="com.test.bank.UserLoginTest" time="11.488" errors="0" timestamp="27 Jul 2018 19:56:13 GMT" skipped="0">
  <testcase classname="com.test.bank.UserLoginTest" name="userLoginTestCases" time="2.805"/>
  <testcase classname="com.test.bank.UserLoginTest" name="userLoginTestCases" time="2.694"/>
  <testcase classname="com.test.bank.UserLoginTest" name="userLoginTestCases" time="2.647"/>
  <testcase classname="com.test.bank.UserLoginTest" name="userLoginTestCases" time="3.342"/>
</testsuite> <!-- com.test.bank.UserLoginTest -->
