<?xml version="1.0" encoding="UTF-8"?>
<!-- Generated by org.testng.reporters.JUnitReportReporter -->
<testsuite hostname="LAPTOP-JDJE2D7Q" failures="0" tests="1" name="com.bank.mavenexample.NewTest" time="5.337" errors="0" timestamp="11 Jul 2018 15:15:27 GMT" skipped="0">
  <testcase classname="com.bank.mavenexample.NewTest" name="testEasy" time="5.337"/>
</testsuite> <!-- com.bank.mavenexample.NewTest -->
