<?xml version="1.0" encoding="UTF-8"?>
<!-- Generated by org.testng.reporters.JUnitReportReporter -->
<testsuite hostname="LAPTOP-JDJE2D7Q" failures="0" tests="1" name="com.sample.cucumber.NewTest" time="17.383" errors="0" timestamp="03 Oct 2018 15:11:52 GMT" skipped="0">
  <testcase classname="com.sample.cucumber.NewTest" name="f" time="17.383"/>
</testsuite> <!-- com.sample.cucumber.NewTest -->
