<?xml version="1.0" encoding="UTF-8"?>
<!-- Generated by org.testng.reporters.JUnitReportReporter -->
<testsuite hostname="LAPTOP-JDJE2D7Q" failures="0" tests="1" name="com.sample.cucumber.NewTest" time="31.508" errors="0" timestamp="03 Oct 2018 14:24:31 GMT" skipped="0">
  <testcase classname="com.sample.cucumber.NewTest" name="f" time="31.508"/>
</testsuite> <!-- com.sample.cucumber.NewTest -->
